[2023-02-22T18:59:18.323] [ERROR] default - Error al listar por ID: CastError: Cast to ObjectId failed for value "null" (type string) at path "_id" for model "carritos"
[2023-02-22T19:01:29.545] [ERROR] default - Error al listar por ID: CastError: Cast to ObjectId failed for value "null" (type string) at path "_id" for model "carritos"
[2023-02-22T19:01:34.503] [ERROR] default - Error al guardar: ValidationError: id_user: Path `id_user` is required.
[2023-02-22T19:02:02.576] [ERROR] default - Error al guardar: ValidationError: id_user: Path `id_user` is required.
[2023-02-22T19:02:07.910] [ERROR] default - Error al listar por ID: CastError: Cast to ObjectId failed for value "null" (type string) at path "_id" for model "carritos"
[2023-02-22T19:02:41.454] [ERROR] default - Error al listar por ID: CastError: Cast to ObjectId failed for value "null" (type string) at path "_id" for model "carritos"
[2023-02-22T19:04:08.714] [ERROR] default - Error al listar por ID: CastError: Cast to ObjectId failed for value "null" (type string) at path "_id" for model "carritos"
[2023-02-22T19:04:38.998] [ERROR] default - Error al listar por ID: CastError: Cast to ObjectId failed for value "null" (type string) at path "_id" for model "carritos"
[2023-02-22T19:05:07.590] [ERROR] default - Error al guardar: ValidationError: id_user: Path `id_user` is required.
[2023-02-22T19:05:25.353] [ERROR] default - Error al listar por ID: CastError: Cast to ObjectId failed for value "null" (type string) at path "_id" for model "carritos"
[2023-02-22T19:06:15.005] [ERROR] default - Error al listar por ID: CastError: Cast to ObjectId failed for value "null" (type string) at path "_id" for model "carritos"
[2023-02-22T19:06:58.064] [ERROR] default - Error al listar por ID: CastError: Cast to ObjectId failed for value "null" (type string) at path "_id" for model "carritos"
[2023-02-22T19:07:55.572] [ERROR] default - Error al listar por ID: CastError: Cast to ObjectId failed for value "null" (type string) at path "_id" for model "carritos"
[2023-02-23T18:30:39.220] [ERROR] default - Error al listar por ID: CastError: Cast to ObjectId failed for value "julieta@gmail.com" (type string) at path "_id" for model "mensajes"
[2023-02-23T18:31:38.625] [ERROR] default - Error al listar por ID: CastError: Cast to ObjectId failed for value "juli.mulinaris@gmail.com" (type string) at path "_id" for model "mensajes"
[2023-02-23T18:39:48.245] [ERROR] default - Error en DAO mensajes: CastError: Cast to string failed for value "{ email: 'juli.mulinaris@gmail.com' }" (type Object) at path "id_user" for model "mensajes"
[2023-02-24T20:53:46.588] [ERROR] default - Error al guardar: ValidationError: id_user: Cast to string failed for value "{}" (type Object) at path "id_user"
[2023-02-24T21:20:02.733] [ERROR] default - Error al guardar: ValidationError: id_user: Path `id_user` is required.
[2023-02-24T21:25:11.776] [ERROR] default - Error al guardar: ValidationError: id_user: Path `id_user` is required.
[2023-02-24T21:26:07.991] [ERROR] default - Error al guardar: ValidationError: id_user: Path `id_user` is required.
[2023-02-25T16:59:35.267] [ERROR] default - Error en DAO Carritos al guardar: TypeError: cart.products.update is not a function
[2023-02-25T17:00:26.284] [ERROR] default - Error en DAO Carritos al guardar: TypeError: products.update is not a function
[2023-02-25T17:01:07.757] [ERROR] default - Error en DAO Carritos al guardar: TypeError: Cannot read properties of undefined (reading 'update')
[2023-02-25T17:01:36.331] [ERROR] default - Error en DAO Carritos al guardar: TypeError: Cannot read properties of undefined (reading 'updateOne')
[2023-02-25T17:02:40.592] [ERROR] default - Error en DAO Carritos al guardar: TypeError: find.json is not a function
[2023-02-25T17:20:31.095] [ERROR] default - Error en DAO Carritos al guardar: ReferenceError: Cannot access 'quantity' before initialization
[2023-02-25T17:21:30.933] [ERROR] default - Error en DAO Carritos al guardar: ReferenceError: Cannot access 'quantity' before initialization
[2023-02-25T17:22:01.222] [ERROR] default - Error en DAO Carritos al guardar: ReferenceError: Cannot access 'quantity' before initialization
[2023-02-25T17:23:42.714] [ERROR] default - Error en DAO Carritos al guardar: SyntaxError: Unexpected token t in JSON at position 4
[2023-02-25T17:24:20.848] [ERROR] default - Error en DAO Carritos al guardar: TypeError: find.json is not a function
[2023-02-25T17:32:06.492] [ERROR] default - Error en DAO Carritos al guardar: TypeError: Cannot read properties of undefined (reading 'updateOne')
[2023-02-25T17:33:40.022] [ERROR] default - Error en DAO Carritos al guardar: TypeError: products.updateOne is not a function
[2023-02-25T17:38:51.831] [ERROR] default - Error en DAO Carritos al guardar: TypeError: Assignment to constant variable.
[2023-02-25T17:42:25.319] [ERROR] default - Error en DAO Carritos al guardar: TypeError: newProduct.json is not a function
[2023-02-25T17:47:00.229] [ERROR] default - Error en DAO Carritos al guardar: ObjectParameterError: Parameter "obj" to Document() must be an object, got {"timestamp":"2023-01-11T18:55:57.769Z","name":"Tallarines","description":"Tallarines caseros 500g","code":103,"thumbnail":" https://i.postimg.cc/fTsD38db/tallarines.jpg ","price":600,"quantity":3,"category":"pastas","stock":20}
[2023-02-25T18:14:13.855] [ERROR] default - Error en DAO Carritos al guardar: TypeError: Cannot read properties of undefined (reading 'findOneAndUpdate')
[2023-02-25T18:18:05.447] [ERROR] default - Error en DAO Carritos al guardar: ObjectParameterError: Parameter "obj" to Document() must be an object, got Pizza de muzzarella
[2023-02-25T21:22:44.304] [ERROR] default - Error al listar por ID: CastError: Cast to ObjectId failed for value "undefined" (type string) at path "_id" for model "productos"
[2023-02-25T21:22:45.864] [ERROR] default - Error al listar por ID: CastError: Cast to ObjectId failed for value "[object Object]" (type string) at path "_id" for model "productos"
[2023-02-25T21:22:46.499] [ERROR] default - Error al listar por ID: CastError: Cast to ObjectId failed for value "undefined" (type string) at path "_id" for model "productos"
[2023-02-25T21:23:32.401] [ERROR] default - Error al listar por ID: CastError: Cast to ObjectId failed for value "undefined" (type string) at path "_id" for model "productos"
[2023-02-25T21:23:47.721] [ERROR] default - Error al listar por ID: CastError: Cast to ObjectId failed for value "undefined" (type string) at path "_id" for model "productos"
[2023-02-25T21:23:53.247] [ERROR] default - Error al listar por ID: CastError: Cast to ObjectId failed for value "undefined" (type string) at path "_id" for model "productos"
[2023-02-25T21:24:16.331] [ERROR] default - Error al listar por ID: CastError: Cast to ObjectId failed for value "undefined" (type string) at path "_id" for model "productos"
[2023-02-25T21:24:45.476] [ERROR] default - Error al listar por ID: CastError: Cast to ObjectId failed for value "undefined" (type string) at path "_id" for model "productos"
[2023-02-25T21:24:45.704] [ERROR] default - Error al listar por ID: CastError: Cast to ObjectId failed for value "[object Object]" (type string) at path "_id" for model "productos"
[2023-02-25T21:42:48.033] [ERROR] default - Error al listar por ID: CastError: Cast to ObjectId failed for value "undefined" (type string) at path "_id" for model "productos"
[2023-02-25T21:44:30.862] [ERROR] default - Error al listar por ID: CastError: Cast to ObjectId failed for value "undefined" (type string) at path "_id" for model "productos"
[2023-02-25T21:44:42.161] [ERROR] default - Error al listar por ID: CastError: Cast to ObjectId failed for value "undefined" (type string) at path "_id" for model "productos"
[2023-02-25T21:44:49.500] [ERROR] default - Error al listar por ID: CastError: Cast to ObjectId failed for value "undefined" (type string) at path "_id" for model "productos"
[2023-02-25T21:45:21.699] [ERROR] default - Error al listar por ID: CastError: Cast to ObjectId failed for value "undefined" (type string) at path "_id" for model "productos"
[2023-02-25T21:46:08.086] [ERROR] default - Error al listar por ID: CastError: Cast to ObjectId failed for value "undefined" (type string) at path "_id" for model "productos"
[2023-02-25T21:46:12.787] [ERROR] default - Error al listar por ID: CastError: Cast to ObjectId failed for value "undefined" (type string) at path "_id" for model "productos"
[2023-02-25T21:46:15.850] [ERROR] default - Error al listar por ID: CastError: Cast to ObjectId failed for value "undefined" (type string) at path "_id" for model "productos"
[2023-02-25T21:46:22.523] [ERROR] default - Error al listar por ID: CastError: Cast to ObjectId failed for value "undefined" (type string) at path "_id" for model "productos"
[2023-02-25T21:46:30.599] [ERROR] default - Error al listar por ID: CastError: Cast to ObjectId failed for value "undefined" (type string) at path "_id" for model "productos"
[2023-02-25T21:47:02.596] [ERROR] default - Error al listar por ID: CastError: Cast to ObjectId failed for value "undefined" (type string) at path "_id" for model "productos"
[2023-02-25T21:47:08.511] [ERROR] default - Error al listar por ID: CastError: Cast to ObjectId failed for value "undefined" (type string) at path "_id" for model "productos"
[2023-02-26T14:32:02.240] [ERROR] default - Error al listar por ID: CastError: Cast to ObjectId failed for value "[object Object],[object Object],[object Object],[object Object],[object Object],[object Object]" (type string) at path "_id" for model "productos"
[2023-02-26T14:32:06.384] [ERROR] default - Error al listar por ID: CastError: Cast to ObjectId failed for value "[object Object],[object Object],[object Object],[object Object],[object Object],[object Object]" (type string) at path "_id" for model "productos"
[2023-02-26T14:58:56.461] [ERROR] default - Error al listar por ID: CastError: Cast to ObjectId failed for value "undefined" (type string) at path "_id" for model "productos"
[2023-02-26T14:59:00.789] [ERROR] default - Error al listar por ID: CastError: Cast to ObjectId failed for value "undefined" (type string) at path "_id" for model "productos"
[2023-02-26T15:17:54.557] [ERROR] default - Error al listar por ID: CastError: Cast to ObjectId failed for value "undefined" (type string) at path "_id" for model "productos"
[2023-02-26T15:17:57.858] [ERROR] default - Error al listar por ID: CastError: Cast to ObjectId failed for value "undefined" (type string) at path "_id" for model "productos"
[2023-02-26T15:20:14.772] [ERROR] default - Error al listar por ID: CastError: Cast to ObjectId failed for value "undefined" (type string) at path "_id" for model "productos"
[2023-02-26T15:20:23.028] [ERROR] default - Error al listar por ID: CastError: Cast to ObjectId failed for value "undefined" (type string) at path "_id" for model "productos"
[2023-02-26T15:20:30.438] [ERROR] default - Error al listar por ID: CastError: Cast to ObjectId failed for value "undefined" (type string) at path "_id" for model "productos"
[2023-02-26T15:21:40.925] [ERROR] default - Error al listar por ID: CastError: Cast to ObjectId failed for value "undefined" (type string) at path "_id" for model "productos"
[2023-02-26T15:21:46.157] [ERROR] default - Error al listar por ID: CastError: Cast to ObjectId failed for value "undefined" (type string) at path "_id" for model "productos"
[2023-02-26T15:22:50.869] [ERROR] default - Error al listar por ID: CastError: Cast to ObjectId failed for value "undefined" (type string) at path "_id" for model "productos"
[2023-02-26T15:22:54.133] [ERROR] default - Error al listar por ID: CastError: Cast to ObjectId failed for value "undefined" (type string) at path "_id" for model "productos"
[2023-02-26T15:23:54.817] [ERROR] default - Error al listar por ID: CastError: Cast to ObjectId failed for value "undefined" (type string) at path "_id" for model "productos"
[2023-02-26T15:24:48.720] [ERROR] default - Error al listar por ID: CastError: Cast to ObjectId failed for value "undefined" (type string) at path "_id" for model "productos"
[2023-02-26T15:25:49.996] [ERROR] default - Error al listar por ID: CastError: Cast to ObjectId failed for value "undefined" (type string) at path "_id" for model "productos"
[2023-02-26T15:25:54.169] [ERROR] default - Error al listar por ID: CastError: Cast to ObjectId failed for value "undefined" (type string) at path "_id" for model "productos"
[2023-02-26T15:27:14.176] [ERROR] default - Error al listar por ID: CastError: Cast to ObjectId failed for value "undefined" (type string) at path "_id" for model "productos"
[2023-02-26T15:27:18.215] [ERROR] default - Error al listar por ID: CastError: Cast to ObjectId failed for value "undefined" (type string) at path "_id" for model "productos"
[2023-02-26T15:27:22.608] [ERROR] default - Error al listar por ID: CastError: Cast to ObjectId failed for value "undefined" (type string) at path "_id" for model "productos"
[2023-02-26T15:27:30.770] [ERROR] default - Error al listar por ID: CastError: Cast to ObjectId failed for value "undefined" (type string) at path "_id" for model "productos"
[2023-02-26T15:32:25.182] [ERROR] default - Error al listar por ID: CastError: Cast to ObjectId failed for value ""63bf05fef3ee9117273e89e2"" (type string) at path "_id" for model "productos"
[2023-02-26T15:32:57.427] [ERROR] default - Error al listar por ID: CastError: Cast to ObjectId failed for value ""63bf05fef3ee9117273e89e2"" (type string) at path "_id" for model "productos"
